{
    "contracts/BasicNft.sol": {
        "l": { "12": 3, "16": 2, "17": 2, "18": 2, "24": 1, "28": 2 },
        "path": "/home/neel/Blockchain/hardhat-nft/contracts/BasicNft.sol",
        "s": { "1": 2, "2": 2, "3": 1, "4": 2 },
        "b": {},
        "f": { "1": 3, "2": 2, "3": 1, "4": 2 },
        "fnMap": {
            "1": {
                "name": "constructor",
                "line": 11,
                "loc": { "start": { "line": 11, "column": 4 }, "end": { "line": 13, "column": 4 } }
            },
            "2": {
                "name": "mintNft",
                "line": 15,
                "loc": { "start": { "line": 15, "column": 4 }, "end": { "line": 19, "column": 4 } }
            },
            "3": {
                "name": "tokenURI",
                "line": 21,
                "loc": { "start": { "line": 21, "column": 4 }, "end": { "line": 25, "column": 4 } }
            },
            "4": {
                "name": "getTokenCounter",
                "line": 27,
                "loc": { "start": { "line": 27, "column": 4 }, "end": { "line": 29, "column": 4 } }
            }
        },
        "statementMap": {
            "1": { "start": { "line": 16, "column": 8 }, "end": { "line": 16, "column": 44 } },
            "2": { "start": { "line": 18, "column": 8 }, "end": { "line": 18, "column": 29 } },
            "3": { "start": { "line": 24, "column": 8 }, "end": { "line": 24, "column": 24 } },
            "4": { "start": { "line": 28, "column": 8 }, "end": { "line": 28, "column": 29 } }
        },
        "branchMap": {}
    },
    "contracts/DynamicSvgNft.sol": {
        "l": {
            "32": 3,
            "33": 3,
            "34": 3,
            "35": 3,
            "39": 6,
            "40": 6,
            "44": 3,
            "45": 3,
            "46": 3,
            "47": 3,
            "51": 2,
            "55": 2,
            "56": 0,
            "59": 2,
            "60": 2,
            "61": 2,
            "62": 1,
            "65": 2,
            "86": 1,
            "90": 1,
            "94": 1,
            "98": 0,
            "102": 0,
            "106": 0
        },
        "path": "/home/neel/Blockchain/hardhat-nft/contracts/DynamicSvgNft.sol",
        "s": {
            "1": 6,
            "2": 6,
            "3": 3,
            "4": 3,
            "5": 2,
            "6": 2,
            "7": 2,
            "8": 2,
            "9": 2,
            "10": 2,
            "11": 1,
            "12": 1,
            "13": 1,
            "14": 0,
            "15": 0
        },
        "b": { "1": [0, 2], "2": [1, 1] },
        "f": {
            "1": 3,
            "2": 6,
            "3": 3,
            "4": 2,
            "5": 2,
            "6": 1,
            "7": 1,
            "8": 1,
            "9": 0,
            "10": 0,
            "11": 0
        },
        "fnMap": {
            "1": {
                "name": "constructor",
                "line": 31,
                "loc": { "start": { "line": 27, "column": 4 }, "end": { "line": 36, "column": 4 } }
            },
            "2": {
                "name": "svgToImageURI",
                "line": 38,
                "loc": { "start": { "line": 38, "column": 4 }, "end": { "line": 41, "column": 4 } }
            },
            "3": {
                "name": "mintNft",
                "line": 43,
                "loc": { "start": { "line": 43, "column": 4 }, "end": { "line": 48, "column": 4 } }
            },
            "4": {
                "name": "_baseURI",
                "line": 50,
                "loc": { "start": { "line": 50, "column": 4 }, "end": { "line": 52, "column": 4 } }
            },
            "5": {
                "name": "tokenURI",
                "line": 54,
                "loc": { "start": { "line": 54, "column": 4 }, "end": { "line": 83, "column": 4 } }
            },
            "6": {
                "name": "getHighImageURI",
                "line": 85,
                "loc": { "start": { "line": 85, "column": 4 }, "end": { "line": 87, "column": 4 } }
            },
            "7": {
                "name": "getLowImageURI",
                "line": 89,
                "loc": { "start": { "line": 89, "column": 4 }, "end": { "line": 91, "column": 4 } }
            },
            "8": {
                "name": "getPriceFeed",
                "line": 93,
                "loc": { "start": { "line": 93, "column": 4 }, "end": { "line": 95, "column": 4 } }
            },
            "9": {
                "name": "getTokenCounter",
                "line": 97,
                "loc": { "start": { "line": 97, "column": 4 }, "end": { "line": 99, "column": 4 } }
            },
            "10": {
                "name": "getPrice",
                "line": 101,
                "loc": {
                    "start": { "line": 101, "column": 4 },
                    "end": { "line": 103, "column": 4 }
                }
            },
            "11": {
                "name": "gettokenIdToHighValue",
                "line": 105,
                "loc": {
                    "start": { "line": 105, "column": 4 },
                    "end": { "line": 107, "column": 4 }
                }
            }
        },
        "statementMap": {
            "1": { "start": { "line": 39, "column": 8 }, "end": { "line": 39, "column": 92 } },
            "2": { "start": { "line": 40, "column": 8 }, "end": { "line": 40, "column": 81 } },
            "3": { "start": { "line": 46, "column": 8 }, "end": { "line": 46, "column": 44 } },
            "4": { "start": { "line": 47, "column": 8 }, "end": { "line": 47, "column": 50 } },
            "5": { "start": { "line": 51, "column": 8 }, "end": { "line": 51, "column": 46 } },
            "6": { "start": { "line": 55, "column": 8 }, "end": { "line": 55, "column": 1930 } },
            "7": { "start": { "line": 59, "column": 8 }, "end": { "line": 59, "column": 62 } },
            "8": { "start": { "line": 60, "column": 8 }, "end": { "line": 60, "column": 46 } },
            "9": { "start": { "line": 61, "column": 8 }, "end": { "line": 61, "column": 2151 } },
            "10": { "start": { "line": 65, "column": 8 }, "end": { "line": 65, "column": 2260 } },
            "11": { "start": { "line": 86, "column": 8 }, "end": { "line": 86, "column": 29 } },
            "12": { "start": { "line": 90, "column": 8 }, "end": { "line": 90, "column": 28 } },
            "13": { "start": { "line": 94, "column": 8 }, "end": { "line": 94, "column": 26 } },
            "14": { "start": { "line": 98, "column": 8 }, "end": { "line": 98, "column": 29 } },
            "15": { "start": { "line": 106, "column": 8 }, "end": { "line": 106, "column": 44 } }
        },
        "branchMap": {
            "1": {
                "line": 55,
                "type": "if",
                "locations": [
                    { "start": { "line": 55, "column": 8 }, "end": { "line": 55, "column": 8 } },
                    { "start": { "line": 55, "column": 8 }, "end": { "line": 55, "column": 8 } }
                ]
            },
            "2": {
                "line": 61,
                "type": "if",
                "locations": [
                    { "start": { "line": 61, "column": 8 }, "end": { "line": 61, "column": 8 } },
                    { "start": { "line": 61, "column": 8 }, "end": { "line": 61, "column": 8 } }
                ]
            }
        }
    },
    "contracts/RandomIpfsNft.sol": {
        "l": {
            "59": 3,
            "60": 3,
            "61": 3,
            "62": 3,
            "63": 3,
            "64": 3,
            "68": 4,
            "69": 2,
            "71": 2,
            "79": 2,
            "81": 2,
            "85": 0,
            "86": 0,
            "87": 0,
            "88": 0,
            "93": 1,
            "94": 1,
            "96": 1,
            "98": 1,
            "99": 1,
            "100": 1,
            "101": 1,
            "102": 1,
            "106": 5,
            "107": 5,
            "109": 5,
            "110": 12,
            "111": 4,
            "113": 8,
            "115": 1,
            "119": 5,
            "123": 3,
            "127": 2,
            "131": 0
        },
        "path": "/home/neel/Blockchain/hardhat-nft/contracts/RandomIpfsNft.sol",
        "s": {
            "1": 4,
            "2": 2,
            "3": 0,
            "4": 0,
            "5": 0,
            "6": 1,
            "7": 1,
            "8": 1,
            "9": 1,
            "10": 1,
            "11": 1,
            "12": 1,
            "13": 5,
            "14": 5,
            "15": 5,
            "16": 12,
            "17": 4,
            "18": 5,
            "19": 3,
            "20": 2,
            "21": 0
        },
        "b": { "1": [2, 2], "2": [0, 0], "3": [0, 0], "4": [4, 8] },
        "f": { "1": 3, "2": 4, "3": 0, "4": 1, "5": 5, "6": 5, "7": 3, "8": 2, "9": 0 },
        "fnMap": {
            "1": {
                "name": "constructor",
                "line": 58,
                "loc": { "start": { "line": 51, "column": 4 }, "end": { "line": 65, "column": 4 } }
            },
            "2": {
                "name": "requestNft",
                "line": 67,
                "loc": { "start": { "line": 67, "column": 4 }, "end": { "line": 82, "column": 4 } }
            },
            "3": {
                "name": "withdraw",
                "line": 84,
                "loc": { "start": { "line": 84, "column": 4 }, "end": { "line": 90, "column": 4 } }
            },
            "4": {
                "name": "fulfillRandomWords",
                "line": 92,
                "loc": { "start": { "line": 92, "column": 4 }, "end": { "line": 103, "column": 4 } }
            },
            "5": {
                "name": "getBreedFromModdedRng",
                "line": 105,
                "loc": {
                    "start": { "line": 105, "column": 4 },
                    "end": { "line": 116, "column": 4 }
                }
            },
            "6": {
                "name": "getChanceArray",
                "line": 118,
                "loc": {
                    "start": { "line": 118, "column": 4 },
                    "end": { "line": 120, "column": 4 }
                }
            },
            "7": {
                "name": "getMintFee",
                "line": 122,
                "loc": {
                    "start": { "line": 122, "column": 4 },
                    "end": { "line": 124, "column": 4 }
                }
            },
            "8": {
                "name": "getLionTokenUris",
                "line": 126,
                "loc": {
                    "start": { "line": 126, "column": 4 },
                    "end": { "line": 128, "column": 4 }
                }
            },
            "9": {
                "name": "getTokenCounter",
                "line": 130,
                "loc": {
                    "start": { "line": 130, "column": 4 },
                    "end": { "line": 132, "column": 4 }
                }
            }
        },
        "statementMap": {
            "1": { "start": { "line": 68, "column": 8 }, "end": { "line": 68, "column": 2294 } },
            "2": { "start": { "line": 81, "column": 8 }, "end": { "line": 81, "column": 48 } },
            "3": { "start": { "line": 85, "column": 8 }, "end": { "line": 85, "column": 46 } },
            "4": { "start": { "line": 86, "column": 8 }, "end": { "line": 86, "column": 70 } },
            "5": { "start": { "line": 87, "column": 8 }, "end": { "line": 87, "column": 2878 } },
            "6": { "start": { "line": 93, "column": 8 }, "end": { "line": 93, "column": 58 } },
            "7": { "start": { "line": 94, "column": 8 }, "end": { "line": 94, "column": 43 } },
            "8": { "start": { "line": 96, "column": 8 }, "end": { "line": 96, "column": 61 } },
            "9": { "start": { "line": 98, "column": 8 }, "end": { "line": 98, "column": 58 } },
            "10": { "start": { "line": 99, "column": 8 }, "end": { "line": 99, "column": 39 } },
            "11": { "start": { "line": 100, "column": 8 }, "end": { "line": 100, "column": 68 } },
            "12": { "start": { "line": 102, "column": 8 }, "end": { "line": 102, "column": 44 } },
            "13": { "start": { "line": 106, "column": 8 }, "end": { "line": 106, "column": 33 } },
            "14": { "start": { "line": 107, "column": 8 }, "end": { "line": 107, "column": 56 } },
            "15": { "start": { "line": 109, "column": 8 }, "end": { "line": 109, "column": 3783 } },
            "16": {
                "start": { "line": 110, "column": 12 },
                "end": { "line": 110, "column": 3850 }
            },
            "17": { "start": { "line": 111, "column": 16 }, "end": { "line": 111, "column": 31 } },
            "18": { "start": { "line": 119, "column": 8 }, "end": { "line": 119, "column": 41 } },
            "19": { "start": { "line": 123, "column": 8 }, "end": { "line": 123, "column": 24 } },
            "20": { "start": { "line": 127, "column": 8 }, "end": { "line": 127, "column": 37 } },
            "21": { "start": { "line": 131, "column": 8 }, "end": { "line": 131, "column": 29 } }
        },
        "branchMap": {
            "1": {
                "line": 68,
                "type": "if",
                "locations": [
                    { "start": { "line": 68, "column": 8 }, "end": { "line": 68, "column": 8 } },
                    { "start": { "line": 68, "column": 8 }, "end": { "line": 68, "column": 8 } }
                ]
            },
            "2": {
                "line": 84,
                "type": "if",
                "locations": [
                    { "start": { "line": 84, "column": 31 }, "end": { "line": 84, "column": 31 } },
                    { "start": { "line": 84, "column": 31 }, "end": { "line": 84, "column": 31 } }
                ]
            },
            "3": {
                "line": 87,
                "type": "if",
                "locations": [
                    { "start": { "line": 87, "column": 8 }, "end": { "line": 87, "column": 8 } },
                    { "start": { "line": 87, "column": 8 }, "end": { "line": 87, "column": 8 } }
                ]
            },
            "4": {
                "line": 110,
                "type": "if",
                "locations": [
                    {
                        "start": { "line": 110, "column": 12 },
                        "end": { "line": 110, "column": 12 }
                    },
                    { "start": { "line": 110, "column": 12 }, "end": { "line": 110, "column": 12 } }
                ]
            }
        }
    },
    "contracts/test/MockV3Aggregator.sol": {
        "l": {},
        "path": "/hom.e/neel/Blockchain/hardhat-nft/contracts/test/MockV3Aggregator.sol",
        "s": {},
        "b": {},
        "f": {},
        "fnMap": {},
        "statementMap": {},
        "branchMap": {}
    },
    "contracts/test/VRFCoordinatorV2Mock.sol": {
        "l": {},
        "path": "/home/neel/Blockchain/hardhat-nft/contracts/test/VRFCoordinatorV2Mock.sol",
        "s": {},
        "b": {},
        "f": {},
        "fnMap": {},
        "statementMap": {},
        "branchMap": {}
    }
}
